EMPLOYEE IDFIRST NAME     LAST NAME            GROSS PAYSOCIAL SECURITY TAXMEDICARE TAXTOTAL FICAFEDERAL TAX        NET PAY
1000      Heather        Rollet                  875.00          36.75     12.69     49.44    175.00         825.56
1001      Connie         Lake                    600.00          25.20      8.70     33.90    120.00         566.10
1002      Gerry          Antoine                1200.00          50.40     17.40     67.80    300.00        1132.20
1003      Michael        Kade                    303.00          12.73      4.39     17.12     60.60         285.88
1004      Shari          Long                    800.00          33.60     11.60     45.20    160.00         754.80
1005      Don            James                  1000.00          42.00     14.50     56.50    200.00         943.50
1006      Sanjev         Patel                   912.50          38.33     13.23     51.56    182.50         860.94
1007      Janet          Washington             1640.00          68.88     23.78     92.66    410.00        1547.34
1008      Burt           Shin                    900.00          37.80     13.05     50.85    180.00         849.15
1009      Denise         Kumar                   465.00          19.53      6.74     26.27     93.00         438.73
1010      Weimin         Xu                      542.50          22.79      7.87     30.65    108.50         511.85
1011      Bernard        Dixey                   820.00          34.44     11.89     46.33    164.00         773.67
1012      John           Blane                   481.25          20.21      6.98     27.19     96.25         454.06
1013      Wei            Li                      510.00          21.42      7.40     28.82    102.00         481.19
1014      Maurice        Blanch                 1040.00          43.68     15.08     58.76    208.00         981.24
1015      Stanley        Wan                    1800.00          75.60     26.10    101.70    450.00        1698.30
1016      Lori           Harlen                 1100.00          46.20     15.95     62.15    220.00        1037.85
1017      Peggy          Hothe                   980.00          41.16     14.21     55.37    196.00         924.63
1018      Angela         Michaels                800.00          33.60     11.60     45.20    160.00         754.80
1019      Max            Daniels                 750.00          31.50     10.88     42.38    150.00         707.62
